This is pdfTeX, Version 3.1415926-1.40.10 (TeX Live 2009/Debian) (format=latex 2013.12.12)  13 MAY 2014 11:34
entering extended mode
 %&-line parsing enabled.
**thesis.tex
(./thesis.tex
LaTeX2e <2009/09/24>
Babel <v3.8l> and hyphenation patterns for english, usenglishmax, dumylang, noh
yphenation, loaded.
(./iitmdiss.cls
Document Class: iitmdiss 2005/03/09 Class for IIT-Madras Dissertations
(/usr/share/texmf-texlive/tex/latex/base/report.cls
Document Class: report 2007/10/19 v1.4h Standard LaTeX document class
(/usr/share/texmf-texlive/tex/latex/base/size12.clo
File: size12.clo 2007/10/19 v1.4h Standard LaTeX file (size option)
)
\c@part=\count79
\c@chapter=\count80
\c@section=\count81
\c@subsection=\count82
\c@subsubsection=\count83
\c@paragraph=\count84
\c@subparagraph=\count85
\c@figure=\count86
\c@table=\count87
\abovecaptionskip=\skip41
\belowcaptionskip=\skip42
\bibindent=\dimen102
)
(/usr/share/texmf-texlive/tex/latex/geometry/geometry.sty
Package: geometry 2008/12/21 v4.2 Page Geometry

(/usr/share/texmf-texlive/tex/latex/graphics/keyval.sty
Package: keyval 1999/03/16 v1.13 key=value parser (DPC)
\KV@toks@=\toks14
)
(/usr/share/texmf-texlive/tex/generic/oberdiek/ifpdf.sty
Package: ifpdf 2009/04/10 v2.0 Provides the ifpdf switch (HO)
Package ifpdf Info: pdfTeX in pdf mode not detected.
)
(/usr/share/texmf-texlive/tex/generic/oberdiek/ifvtex.sty
Package: ifvtex 2008/11/04 v1.4 Switches for detecting VTeX and its modes (HO)
Package ifvtex Info: VTeX not detected.
)
\Gm@cnth=\count88
\Gm@cntv=\count89
\c@Gm@tempcnt=\count90
\Gm@bindingoffset=\dimen103
\Gm@wd@mp=\dimen104
\Gm@odd@mp=\dimen105
\Gm@even@mp=\dimen106
\Gm@dimlist=\toks15


Package geometry Warning: Over-specification in `h'-direction.
    `width' (438.74144pt) is ignored.


Package geometry Warning: Over-specification in `v'-direction.
    `height' (684.41338pt) is ignored.

) (./setspace.sty
Package: setspace 2000/12/01 6.7 Contributed and Supported LaTeX2e package

Package: `setspace' 6.7 <2000/12/01>
) (./atbeginend.sty) (/usr/share/texmf-texlive/tex/latex/caption/caption.sty
Package: caption 2009/10/09 v3.1k Customizing captions (AR)

(/usr/share/texmf-texlive/tex/latex/caption/caption3.sty
Package: caption3 2009/10/09 v3.1k caption3 kernel (AR)
\captionmargin=\dimen107
\captionmargin@=\dimen108
\captionwidth=\dimen109
\caption@indent=\dimen110
\caption@parindent=\dimen111
\caption@hangindent=\dimen112
)
\c@ContinuedFloat=\count91
)
(/usr/share/texmf-texlive/tex/latex/graphics/graphicx.sty
Package: graphicx 1999/02/16 v1.0f Enhanced LaTeX Graphics (DPC,SPQR)

(/usr/share/texmf-texlive/tex/latex/graphics/graphics.sty
Package: graphics 2009/02/05 v1.0o Standard LaTeX Graphics (DPC,SPQR)

(/usr/share/texmf-texlive/tex/latex/graphics/trig.sty
Package: trig 1999/03/16 v1.09 sin cos tan (DPC)
)
(/etc/texmf/tex/latex/config/graphics.cfg
File: graphics.cfg 2009/08/28 v1.8 graphics configuration of TeX Live
)
Package graphics Info: Driver file: dvips.def on input line 91.

(/usr/share/texmf-texlive/tex/latex/graphics/dvips.def
File: dvips.def 1999/02/16 v3.0i Driver-dependant file (DPC,SPQR)
))
\Gin@req@height=\dimen113
\Gin@req@width=\dimen114
))
(/usr/share/texmf-texlive/tex/latex/psnfss/times.sty
Package: times 2005/04/12 PSNFSS-v9.2a (SPQR) 
)
(/usr/share/texmf-texlive/tex/generic/epsf/epsf.sty
This is `epsf.tex' v2.7.3 <23 July 2005>
\epsffilein=\read1
\epsfframemargin=\dimen115
\epsfframethickness=\dimen116
\epsfrsize=\dimen117
\epsftmp=\dimen118
\epsftsize=\dimen119
\epsfxsize=\dimen120
\epsfysize=\dimen121
\pspoints=\dimen122
) (/usr/share/texmf-texlive/tex/latex/ltxmisc/threeparttable.sty
Package: threeparttable 2003/06/13  v 3.0
\@tempboxb=\box26
)
(/usr/share/texmf-texlive/tex/latex/float/float.sty
Package: float 2001/11/08 v1.3d Float enhancements (AL)
\c@float@type=\count92
\float@exts=\toks16
\float@box=\box27
\@float@everytoks=\toks17
\@floatcapt=\box28
)
(/usr/share/texmf-texlive/tex/latex/amsmath/amsmath.sty
Package: amsmath 2000/07/18 v2.13 AMS math features
\@mathmargin=\skip43

For additional information on amsmath, use the `?' option.
(/usr/share/texmf-texlive/tex/latex/amsmath/amstext.sty
Package: amstext 2000/06/29 v2.01

(/usr/share/texmf-texlive/tex/latex/amsmath/amsgen.sty
File: amsgen.sty 1999/11/30 v2.0
\@emptytoks=\toks18
\ex@=\dimen123
))
(/usr/share/texmf-texlive/tex/latex/amsmath/amsbsy.sty
Package: amsbsy 1999/11/29 v1.2d
\pmbraise@=\dimen124
)
(/usr/share/texmf-texlive/tex/latex/amsmath/amsopn.sty
Package: amsopn 1999/12/14 v2.01 operator names
)
\inf@bad=\count93
LaTeX Info: Redefining \frac on input line 211.
\uproot@=\count94
\leftroot@=\count95
LaTeX Info: Redefining \overline on input line 307.
\classnum@=\count96
\DOTSCASE@=\count97
LaTeX Info: Redefining \ldots on input line 379.
LaTeX Info: Redefining \dots on input line 382.
LaTeX Info: Redefining \cdots on input line 467.
\Mathstrutbox@=\box29
\strutbox@=\box30
\big@size=\dimen125
LaTeX Font Info:    Redeclaring font encoding OML on input line 567.
LaTeX Font Info:    Redeclaring font encoding OMS on input line 568.
\macc@depth=\count98
\c@MaxMatrixCols=\count99
\dotsspace@=\muskip10
\c@parentequation=\count100
\dspbrk@lvl=\count101
\tag@help=\toks19
\row@=\count102
\column@=\count103
\maxfields@=\count104
\andhelp@=\toks20
\eqnshift@=\dimen126
\alignsep@=\dimen127
\tagshift@=\dimen128
\tagwidth@=\dimen129
\totwidth@=\dimen130
\lineht@=\dimen131
\@envbody=\toks21
\multlinegap=\skip44
\multlinetaggap=\skip45
\mathdisplay@stack=\toks22
LaTeX Info: Redefining \[ on input line 2666.
LaTeX Info: Redefining \] on input line 2667.
)
(/usr/share/texmf-texlive/tex/latex/amscls/amsthm.sty
Package: amsthm 2004/08/06 v2.20
\thm@style=\toks23
\thm@bodyfont=\toks24
\thm@headfont=\toks25
\thm@notefont=\toks26
\thm@headpunct=\toks27
\thm@preskip=\skip46
\thm@postskip=\skip47
\thm@headsep=\skip48
\dth@everypar=\toks28
) (./txfonts.sty
Package: txfonts 2000/12/15 v3.1
LaTeX Font Info:    Redeclaring symbol font `operators' on input line 14.
LaTeX Font Info:    Overwriting symbol font `operators' in version `normal'
(Font)                  OT1/cmr/m/n --> OT1/txr/m/n on input line 14.
LaTeX Font Info:    Overwriting symbol font `operators' in version `bold'
(Font)                  OT1/cmr/bx/n --> OT1/txr/m/n on input line 14.
LaTeX Font Info:    Overwriting symbol font `operators' in version `bold'
(Font)                  OT1/txr/m/n --> OT1/txr/bx/n on input line 15.
\symitalic=\mathgroup4
LaTeX Font Info:    Overwriting symbol font `italic' in version `bold'
(Font)                  OT1/txr/m/it --> OT1/txr/bx/it on input line 19.
LaTeX Font Info:    Redeclaring math alphabet \mathbf on input line 22.
LaTeX Font Info:    Overwriting math alphabet `\mathbf' in version `normal'
(Font)                  OT1/cmr/bx/n --> OT1/txr/bx/n on input line 22.
LaTeX Font Info:    Overwriting math alphabet `\mathbf' in version `bold'
(Font)                  OT1/cmr/bx/n --> OT1/txr/bx/n on input line 22.
LaTeX Font Info:    Redeclaring math alphabet \mathit on input line 23.
LaTeX Font Info:    Overwriting math alphabet `\mathit' in version `normal'
(Font)                  OT1/cmr/m/it --> OT1/txr/m/it on input line 23.
LaTeX Font Info:    Overwriting math alphabet `\mathit' in version `bold'
(Font)                  OT1/cmr/bx/it --> OT1/txr/m/it on input line 23.
LaTeX Font Info:    Overwriting math alphabet `\mathit' in version `bold'
(Font)                  OT1/txr/m/it --> OT1/txr/bx/it on input line 24.
LaTeX Font Info:    Redeclaring math alphabet \mathsf on input line 33.
LaTeX Font Info:    Overwriting math alphabet `\mathsf' in version `normal'
(Font)                  OT1/cmss/m/n --> OT1/txss/m/n on input line 33.
LaTeX Font Info:    Overwriting math alphabet `\mathsf' in version `bold'
(Font)                  OT1/cmss/bx/n --> OT1/txss/m/n on input line 33.
LaTeX Font Info:    Overwriting math alphabet `\mathsf' in version `bold'
(Font)                  OT1/txss/m/n --> OT1/txss/b/n on input line 34.
LaTeX Font Info:    Redeclaring math alphabet \mathtt on input line 43.
LaTeX Font Info:    Overwriting math alphabet `\mathtt' in version `normal'
(Font)                  OT1/cmtt/m/n --> OT1/txtt/m/n on input line 43.
LaTeX Font Info:    Overwriting math alphabet `\mathtt' in version `bold'
(Font)                  OT1/cmtt/m/n --> OT1/txtt/m/n on input line 43.
LaTeX Font Info:    Overwriting math alphabet `\mathtt' in version `bold'
(Font)                  OT1/txtt/m/n --> OT1/txtt/b/n on input line 44.
LaTeX Font Info:    Redeclaring symbol font `letters' on input line 51.
LaTeX Font Info:    Overwriting symbol font `letters' in version `normal'
(Font)                  OML/cmm/m/it --> OML/txmi/m/it on input line 51.
LaTeX Font Info:    Overwriting symbol font `letters' in version `bold'
(Font)                  OML/cmm/b/it --> OML/txmi/m/it on input line 51.
LaTeX Font Info:    Overwriting symbol font `letters' in version `bold'
(Font)                  OML/txmi/m/it --> OML/txmi/bx/it on input line 52.
\symlettersA=\mathgroup5
LaTeX Font Info:    Overwriting symbol font `lettersA' in version `bold'
(Font)                  U/txmia/m/it --> U/txmia/bx/it on input line 60.
LaTeX Font Info:    Redeclaring symbol font `symbols' on input line 70.
LaTeX Font Info:    Overwriting symbol font `symbols' in version `normal'
(Font)                  OMS/cmsy/m/n --> OMS/txsy/m/n on input line 70.
LaTeX Font Info:    Overwriting symbol font `symbols' in version `bold'
(Font)                  OMS/cmsy/b/n --> OMS/txsy/m/n on input line 70.
LaTeX Font Info:    Overwriting symbol font `symbols' in version `bold'
(Font)                  OMS/txsy/m/n --> OMS/txsy/bx/n on input line 71.
\symAMSa=\mathgroup6
LaTeX Font Info:    Overwriting symbol font `AMSa' in version `bold'
(Font)                  U/txsya/m/n --> U/txsya/bx/n on input line 87.
\symAMSb=\mathgroup7
LaTeX Font Info:    Overwriting symbol font `AMSb' in version `bold'
(Font)                  U/txsyb/m/n --> U/txsyb/bx/n on input line 96.
\symsymbolsC=\mathgroup8
LaTeX Font Info:    Overwriting symbol font `symbolsC' in version `bold'
(Font)                  U/txsyc/m/n --> U/txsyc/bx/n on input line 106.
LaTeX Font Info:    Redeclaring symbol font `largesymbols' on input line 113.
LaTeX Font Info:    Overwriting symbol font `largesymbols' in version `normal'
(Font)                  OMX/cmex/m/n --> OMX/txex/m/n on input line 113.
LaTeX Font Info:    Overwriting symbol font `largesymbols' in version `bold'
(Font)                  OMX/cmex/m/n --> OMX/txex/m/n on input line 113.
LaTeX Font Info:    Overwriting symbol font `largesymbols' in version `bold'
(Font)                  OMX/txex/m/n --> OMX/txex/bx/n on input line 114.
\symlargesymbolsA=\mathgroup9
LaTeX Font Info:    Overwriting symbol font `largesymbolsA' in version `bold'
(Font)                  U/txexa/m/n --> U/txexa/bx/n on input line 122.
LaTeX Info: Redefining \not on input line 1036.
LaTeX Info: Redefining \textsquare on input line 1056.
LaTeX Info: Redefining \openbox on input line 1057.
)
(./pxfonts.sty
Package: pxfonts 2008/01/22 v1.1.1
LaTeX Font Info:    Redeclaring symbol font `operators' on input line 21.
LaTeX Font Info:    Overwriting symbol font `operators' in version `normal'
(Font)                  OT1/txr/m/n --> OT1/pxr/m/n on input line 21.
LaTeX Font Info:    Overwriting symbol font `operators' in version `bold'
(Font)                  OT1/txr/bx/n --> OT1/pxr/m/n on input line 21.
LaTeX Font Info:    Overwriting symbol font `operators' in version `bold'
(Font)                  OT1/pxr/m/n --> OT1/pxr/bx/n on input line 22.
LaTeX Font Info:    Redeclaring symbol font `italic' on input line 25.
LaTeX Font Info:    Overwriting symbol font `italic' in version `normal'
(Font)                  OT1/txr/m/it --> OT1/pxr/m/it on input line 25.
LaTeX Font Info:    Overwriting symbol font `italic' in version `bold'
(Font)                  OT1/txr/bx/it --> OT1/pxr/m/it on input line 25.
LaTeX Font Info:    Overwriting symbol font `italic' in version `bold'
(Font)                  OT1/pxr/m/it --> OT1/pxr/bx/it on input line 26.
LaTeX Font Info:    Redeclaring math alphabet \mathbf on input line 29.
LaTeX Font Info:    Overwriting math alphabet `\mathbf' in version `normal'
(Font)                  OT1/txr/bx/n --> OT1/pxr/bx/n on input line 29.
LaTeX Font Info:    Overwriting math alphabet `\mathbf' in version `bold'
(Font)                  OT1/txr/bx/n --> OT1/pxr/bx/n on input line 29.
LaTeX Font Info:    Redeclaring math alphabet \mathit on input line 30.
LaTeX Font Info:    Overwriting math alphabet `\mathit' in version `normal'
(Font)                  OT1/txr/m/it --> OT1/pxr/m/it on input line 30.
LaTeX Font Info:    Overwriting math alphabet `\mathit' in version `bold'
(Font)                  OT1/txr/bx/it --> OT1/pxr/m/it on input line 30.
LaTeX Font Info:    Overwriting math alphabet `\mathit' in version `bold'
(Font)                  OT1/pxr/m/it --> OT1/pxr/bx/it on input line 31.
LaTeX Font Info:    Redeclaring math alphabet \mathsf on input line 40.
LaTeX Font Info:    Overwriting math alphabet `\mathsf' in version `normal'
(Font)                  OT1/txss/m/n --> OT1/pxss/m/n on input line 40.
LaTeX Font Info:    Overwriting math alphabet `\mathsf' in version `bold'
(Font)                  OT1/txss/b/n --> OT1/pxss/m/n on input line 40.
LaTeX Font Info:    Overwriting math alphabet `\mathsf' in version `bold'
(Font)                  OT1/pxss/m/n --> OT1/pxss/b/n on input line 41.
LaTeX Font Info:    Redeclaring math alphabet \mathtt on input line 50.
LaTeX Font Info:    Overwriting math alphabet `\mathtt' in version `normal'
(Font)                  OT1/txtt/m/n --> OT1/pxtt/m/n on input line 50.
LaTeX Font Info:    Overwriting math alphabet `\mathtt' in version `bold'
(Font)                  OT1/txtt/b/n --> OT1/pxtt/m/n on input line 50.
LaTeX Font Info:    Overwriting math alphabet `\mathtt' in version `bold'
(Font)                  OT1/pxtt/m/n --> OT1/pxtt/b/n on input line 51.
LaTeX Font Info:    Redeclaring symbol font `letters' on input line 58.
LaTeX Font Info:    Overwriting symbol font `letters' in version `normal'
(Font)                  OML/txmi/m/it --> OML/pxmi/m/it on input line 58.
LaTeX Font Info:    Overwriting symbol font `letters' in version `bold'
(Font)                  OML/txmi/bx/it --> OML/pxmi/m/it on input line 58.
LaTeX Font Info:    Overwriting symbol font `letters' in version `bold'
(Font)                  OML/pxmi/m/it --> OML/pxmi/bx/it on input line 59.
LaTeX Font Info:    Redeclaring symbol font `lettersA' on input line 66.
LaTeX Font Info:    Overwriting symbol font `lettersA' in version `normal'
(Font)                  U/txmia/m/it --> U/pxmia/m/it on input line 66.
LaTeX Font Info:    Overwriting symbol font `lettersA' in version `bold'
(Font)                  U/txmia/bx/it --> U/pxmia/m/it on input line 66.
LaTeX Font Info:    Overwriting symbol font `lettersA' in version `bold'
(Font)                  U/pxmia/m/it --> U/pxmia/bx/it on input line 67.
LaTeX Font Info:    Redeclaring symbol font `symbols' on input line 77.
LaTeX Font Info:    Overwriting symbol font `symbols' in version `normal'
(Font)                  OMS/txsy/m/n --> OMS/pxsy/m/n on input line 77.
LaTeX Font Info:    Overwriting symbol font `symbols' in version `bold'
(Font)                  OMS/txsy/bx/n --> OMS/pxsy/m/n on input line 77.
LaTeX Font Info:    Overwriting symbol font `symbols' in version `bold'
(Font)                  OMS/pxsy/m/n --> OMS/pxsy/bx/n on input line 78.
LaTeX Font Info:    Redeclaring symbol font `AMSa' on input line 93.
LaTeX Font Info:    Overwriting symbol font `AMSa' in version `normal'
(Font)                  U/txsya/m/n --> U/pxsya/m/n on input line 93.
LaTeX Font Info:    Overwriting symbol font `AMSa' in version `bold'
(Font)                  U/txsya/bx/n --> U/pxsya/m/n on input line 93.
LaTeX Font Info:    Overwriting symbol font `AMSa' in version `bold'
(Font)                  U/pxsya/m/n --> U/pxsya/bx/n on input line 94.
LaTeX Font Info:    Redeclaring symbol font `AMSb' on input line 102.
LaTeX Font Info:    Overwriting symbol font `AMSb' in version `normal'
(Font)                  U/txsyb/m/n --> U/pxsyb/m/n on input line 102.
LaTeX Font Info:    Overwriting symbol font `AMSb' in version `bold'
(Font)                  U/txsyb/bx/n --> U/pxsyb/m/n on input line 102.
LaTeX Font Info:    Overwriting symbol font `AMSb' in version `bold'
(Font)                  U/pxsyb/m/n --> U/pxsyb/bx/n on input line 103.
LaTeX Font Info:    Redeclaring symbol font `symbolsC' on input line 112.
LaTeX Font Info:    Overwriting symbol font `symbolsC' in version `normal'
(Font)                  U/txsyc/m/n --> U/pxsyc/m/n on input line 112.
LaTeX Font Info:    Overwriting symbol font `symbolsC' in version `bold'
(Font)                  U/txsyc/bx/n --> U/pxsyc/m/n on input line 112.
LaTeX Font Info:    Overwriting symbol font `symbolsC' in version `bold'
(Font)                  U/pxsyc/m/n --> U/pxsyc/bx/n on input line 113.
LaTeX Font Info:    Redeclaring symbol font `largesymbols' on input line 120.
LaTeX Font Info:    Overwriting symbol font `largesymbols' in version `normal'
(Font)                  OMX/txex/m/n --> OMX/pxex/m/n on input line 120.
LaTeX Font Info:    Overwriting symbol font `largesymbols' in version `bold'
(Font)                  OMX/txex/bx/n --> OMX/pxex/m/n on input line 120.
LaTeX Font Info:    Overwriting symbol font `largesymbols' in version `bold'
(Font)                  OMX/pxex/m/n --> OMX/pxex/bx/n on input line 121.
LaTeX Font Info:    Redeclaring symbol font `largesymbolsA' on input line 128.
LaTeX Font Info:    Overwriting symbol font `largesymbolsA' in version `normal'

(Font)                  U/txexa/m/n --> U/pxexa/m/n on input line 128.
LaTeX Font Info:    Overwriting symbol font `largesymbolsA' in version `bold'
(Font)                  U/txexa/bx/n --> U/pxexa/m/n on input line 128.
LaTeX Font Info:    Overwriting symbol font `largesymbolsA' in version `bold'
(Font)                  U/pxexa/m/n --> U/pxexa/bx/n on input line 129.
LaTeX Font Info:    Redeclaring math symbol \n@tch@r on input line 995.
LaTeX Info: Redefining \not on input line 997.
LaTeX Info: Redefining \textsquare on input line 1017.
LaTeX Info: Redefining \openbox on input line 1018.
) (/usr/share/texmf-texlive/tex/latex/amsfonts/amsfonts.sty
Package: amsfonts 2009/06/22 v3.00 Basic AMSFonts support
LaTeX Font Info:    Redeclaring symbol font `AMSa' on input line 49.
LaTeX Font Info:    Overwriting symbol font `AMSa' in version `normal'
(Font)                  U/pxsya/m/n --> U/msa/m/n on input line 49.
LaTeX Font Info:    Overwriting symbol font `AMSa' in version `bold'
(Font)                  U/pxsya/bx/n --> U/msa/m/n on input line 49.
LaTeX Font Info:    Redeclaring symbol font `AMSb' on input line 50.
LaTeX Font Info:    Overwriting symbol font `AMSb' in version `normal'
(Font)                  U/pxsyb/m/n --> U/msb/m/n on input line 50.
LaTeX Font Info:    Overwriting symbol font `AMSb' in version `bold'
(Font)                  U/pxsyb/bx/n --> U/msb/m/n on input line 50.
LaTeX Font Info:    Redeclaring math delimiter \ulcorner on input line 64.
LaTeX Font Info:    Redeclaring math delimiter \urcorner on input line 65.
LaTeX Font Info:    Redeclaring math delimiter \llcorner on input line 66.
LaTeX Font Info:    Redeclaring math delimiter \lrcorner on input line 67.
LaTeX Font Info:    Redeclaring math alphabet \mathfrak on input line 95.
LaTeX Font Info:    Overwriting math alphabet `\mathfrak' in version `bold'
(Font)                  U/euf/m/n --> U/euf/b/n on input line 96.
LaTeX Font Info:    Redeclaring math symbol \square on input line 128.
LaTeX Font Info:    Redeclaring math symbol \lozenge on input line 129.
LaTeX Font Info:    Redeclaring math symbol \vartriangleright on input line 130
.
LaTeX Font Info:    Redeclaring math symbol \vartriangleleft on input line 131.

LaTeX Font Info:    Redeclaring math symbol \trianglerighteq on input line 132.

LaTeX Font Info:    Redeclaring math symbol \trianglelefteq on input line 133.
LaTeX Font Info:    Redeclaring math symbol \rightsquigarrow on input line 134.

)
(/usr/share/texmf-texlive/tex/latex/graphics/epsfig.sty
Package: epsfig 1999/02/16 v1.7a (e)psfig emulation (SPQR)
\epsfxsize=\dimen132
\epsfysize=\dimen133
)
(/usr/share/texmf-texlive/tex/latex/subfig/subfig.sty
Package: subfig 2005/06/28 ver: 1.3 subfig package
\c@KVtest=\count105
\sf@farskip=\skip49
\sf@captopadj=\dimen134
\sf@capskip=\skip50
\sf@nearskip=\skip51
\c@subfigure=\count106
\c@subfigure@save=\count107
\c@lofdepth=\count108
\c@subtable=\count109
\c@subtable@save=\count110
\c@lotdepth=\count111
\sf@top=\skip52
\sf@bottom=\skip53
)
(/usr/share/texmf-texlive/tex/latex/natbib/natbib.sty
Package: natbib 2009/07/16 8.31 (PWD, AO)
\bibhang=\skip54
\bibsep=\skip55
LaTeX Info: Redefining \cite on input line 694.
\c@NAT@ctr=\count112
)
(/usr/share/texmf-texlive/tex/latex/hyperref/hyperref.sty
Package: hyperref 2009/10/09 v6.79a Hypertext links for LaTeX

(/usr/share/texmf-texlive/tex/generic/ifxetex/ifxetex.sty
Package: ifxetex 2009/01/23 v0.5 Provides ifxetex conditional
)
(/usr/share/texmf-texlive/tex/latex/oberdiek/hycolor.sty
Package: hycolor 2009/10/02 v1.5 Code for color options of hyperref/bookmark (H
O)

(/usr/share/texmf-texlive/tex/latex/oberdiek/xcolor-patch.sty
Package: xcolor-patch 2009/10/02 xcolor patch
))
\@linkdim=\dimen135
\Hy@linkcounter=\count113
\Hy@pagecounter=\count114

(/usr/share/texmf-texlive/tex/latex/hyperref/pd1enc.def
File: pd1enc.def 2009/10/09 v6.79a Hyperref: PDFDocEncoding definition (HO)
)
(/usr/share/texmf-texlive/tex/generic/oberdiek/etexcmds.sty
Package: etexcmds 2007/12/12 v1.2 Prefix for e-TeX command names (HO)

(/usr/share/texmf-texlive/tex/generic/oberdiek/infwarerr.sty
Package: infwarerr 2007/09/09 v1.2 Providing info/warning/message (HO)
)
Package etexcmds Info: Could not find \expanded.
(etexcmds)             That can mean that you are not using pdfTeX 1.50 or
(etexcmds)             that some package has redefined \expanded.
(etexcmds)             In the latter case, load this package earlier.
)
(/usr/share/texmf-texlive/tex/latex/latexconfig/hyperref.cfg
File: hyperref.cfg 2002/06/06 v1.2 hyperref configuration of TeXLive
)
(/usr/share/texmf-texlive/tex/latex/oberdiek/kvoptions.sty
Package: kvoptions 2009/08/13 v3.4 Keyval support for LaTeX options (HO)

(/usr/share/texmf-texlive/tex/generic/oberdiek/kvsetkeys.sty
Package: kvsetkeys 2009/07/30 v1.5 Key value parser with default handler suppor
t (HO)
))
Package hyperref Info: Hyper figures OFF on input line 2975.
Package hyperref Info: Link nesting OFF on input line 2980.
Package hyperref Info: Hyper index ON on input line 2983.
Package hyperref Info: Plain pages OFF on input line 2990.
Package hyperref Info: Backreferencing OFF on input line 2995.

Implicit mode ON; LaTeX internals redefined
Package hyperref Info: Bookmarks ON on input line 3191.
(/usr/share/texmf-texlive/tex/latex/ltxmisc/url.sty
\Urlmuskip=\muskip11
Package: url 2006/04/12  ver 3.3  Verb mode for urls, etc.
)
LaTeX Info: Redefining \url on input line 3428.

(/usr/share/texmf-texlive/tex/generic/oberdiek/bitset.sty
Package: bitset 2007/09/28 v1.0 Data type bit set (HO)

(/usr/share/texmf-texlive/tex/generic/oberdiek/intcalc.sty
Package: intcalc 2007/09/27 v1.1 Expandable integer calculations (HO)
)
(/usr/share/texmf-texlive/tex/generic/oberdiek/bigintcalc.sty
Package: bigintcalc 2007/11/11 v1.1 Expandable big integer calculations (HO)

(/usr/share/texmf-texlive/tex/generic/oberdiek/pdftexcmds.sty
Package: pdftexcmds 2009/09/23 v0.6 LuaTeX support for pdfTeX utility functions
 (HO)

(/usr/share/texmf-texlive/tex/generic/oberdiek/ifluatex.sty
Package: ifluatex 2009/04/17 v1.2 Provides the ifluatex switch (HO)
Package ifluatex Info: LuaTeX not detected.
)
(/usr/share/texmf-texlive/tex/generic/oberdiek/ltxcmds.sty
Package: ltxcmds 2009/08/05 v1.0 Some LaTeX kernel commands for general use (HO
)
)
Package pdftexcmds Info: LuaTeX not detected.
Package pdftexcmds Info: \pdf@primitive is available.
Package pdftexcmds Info: \pdf@ifprimitive is available.
)))
\Fld@menulength=\count115
\Field@Width=\dimen136
\Fld@charsize=\dimen137
\Field@toks=\toks29
Package hyperref Info: Hyper figures OFF on input line 4377.
Package hyperref Info: Link nesting OFF on input line 4382.
Package hyperref Info: Hyper index ON on input line 4385.
Package hyperref Info: backreferencing OFF on input line 4392.
Package hyperref Info: Link coloring OFF on input line 4397.
Package hyperref Info: Link coloring with OCG OFF on input line 4402.
Package hyperref Info: PDF/A mode OFF on input line 4407.

(/usr/share/texmf-texlive/tex/generic/oberdiek/atbegshi.sty
Package: atbegshi 2008/07/31 v1.9 At begin shipout hook (HO)
)
\Hy@abspage=\count116
\c@Item=\count117
\c@Hfootnote=\count118
)
*hyperref using driver hypertex*
(/usr/share/texmf-texlive/tex/latex/hyperref/hypertex.def
File: hypertex.def 2009/10/09 v6.79a Hyperref driver for HyperTeX specials
) (./thesis.aux

! Package natbib Error: Bibliography not compatible with author-year citations.

(natbib)                Press <return> to continue in numerical citation style.


See the natbib package documentation for explanation.
Type  H <return>  for immediate help.
 ...                                              
                                                  
l.161 ...and\NAT@force@numbers{}\NAT@force@numbers
                                                  
? 
)
\openout1 = `thesis.aux'.

LaTeX Font Info:    Checking defaults for OML/pxmi/m/it on input line 38.
LaTeX Font Info:    Try loading font information for OML+pxmi on input line 38.

 (/usr/share/texmf-texlive/tex/latex/pxfonts/omlpxmi.fd
File: omlpxmi.fd 2000/12/14 v1.0
)
LaTeX Font Info:    ... okay on input line 38.
LaTeX Font Info:    Checking defaults for T1/cmr/m/n on input line 38.
LaTeX Font Info:    ... okay on input line 38.
LaTeX Font Info:    Checking defaults for OT1/cmr/m/n on input line 38.
LaTeX Font Info:    ... okay on input line 38.
LaTeX Font Info:    Checking defaults for OMS/pxsy/m/n on input line 38.
LaTeX Font Info:    Try loading font information for OMS+pxsy on input line 38.


(/usr/share/texmf-texlive/tex/latex/pxfonts/omspxsy.fd
File: omspxsy.fd 2000/12/14 v1.0
)
LaTeX Font Info:    ... okay on input line 38.
LaTeX Font Info:    Checking defaults for OMX/pxex/m/n on input line 38.
LaTeX Font Info:    Try loading font information for OMX+pxex on input line 38.


(/usr/share/texmf-texlive/tex/latex/pxfonts/omxpxex.fd
File: omxpxex.fd 2000/12/14 v1.0
)
LaTeX Font Info:    ... okay on input line 38.
LaTeX Font Info:    Checking defaults for U/pxexa/m/n on input line 38.
LaTeX Font Info:    Try loading font information for U+pxexa on input line 38.

(/usr/share/texmf-texlive/tex/latex/pxfonts/upxexa.fd
File: upxexa.fd 2000/12/14 v1.0
)
LaTeX Font Info:    ... okay on input line 38.
LaTeX Font Info:    Checking defaults for PD1/pdf/m/n on input line 38.
LaTeX Font Info:    ... okay on input line 38.
LaTeX Font Info:    Try loading font information for OT1+pxr on input line 38.

(/usr/share/texmf-texlive/tex/latex/pxfonts/ot1pxr.fd
File: ot1pxr.fd 2000/12/14 v1.0
)
*geometry auto-detecting driver*
*geometry detected driver: dvips*
-------------------- Geometry parameters
paper: a4paper
landscape: --
twocolumn: --
twoside: --
asymmetric: --
h-parts: 93.95122pt, 431.28667pt, 72.26999pt
v-parts: 93.95122pt, 678.82564pt, 72.26999pt
hmarginratio: --
vmarginratio: --
lines: --
heightrounded: --
bindingoffset: 0.0pt
truedimen: --
includehead: true
includefoot: true
includemp: --
driver: dvips
-------------------- Page layout dimensions and switches
\paperwidth  597.50787pt
\paperheight 845.04684pt
\textwidth  431.28667pt
\textheight 648.82564pt
\oddsidemargin  14.79555pt
\evensidemargin 17.07182pt
\topmargin  21.68123pt
\headheight 0.0pt
\headsep    0.0pt
\footskip   30.0pt
\marginparwidth 35.0pt
\marginparsep   10.0pt
\columnsep  10.0pt
\skip\footins  10.8pt plus 4.0pt minus 2.0pt
\hoffset 0.0pt
\voffset 0.0pt
\mag 1000

(1in=72.27pt, 1cm=28.45pt)
-----------------------
Package caption Info: Begin \AtBeginDocument code.
Package caption3 Info: subfig package 1.2 or 1.3 is loaded.
LaTeX Info: Redefining \subref on input line 38.
Package caption Info: float package is loaded.
Package caption Info: hyperref package is loaded.
Package caption Info: threeparttable package is loaded.
Package caption Info: End \AtBeginDocument code.
Package hyperref Info: Link coloring OFF on input line 38.
(/usr/share/texmf-texlive/tex/latex/hyperref/nameref.sty
Package: nameref 2007/05/29 v2.31 Cross-referencing by name of section

(/usr/share/texmf-texlive/tex/latex/oberdiek/refcount.sty
Package: refcount 2008/08/11 v3.1 Data extraction from references (HO)
)
\c@section@level=\count119
)
LaTeX Info: Redefining \ref on input line 38.
LaTeX Info: Redefining \pageref on input line 38.
\AtBeginShipoutBox=\box31
File: iitm.eps Graphic file (type eps)
 <iitm.eps> [0

]
Certificate

Underfull \hbox (badness 10000) in paragraph at lines 74--79

 []

[0

] [1

]
Overfull \hbox (11.865pt too wide) in paragraph at lines 108--109
[]\OT1/pxr/m/n/12 The main func-tion-al-ity of this mod-ule in-cludes AX.25 pro
-to-col en-cod-ing/decoding
 []

[2

] (./thesis.toc
LaTeX Font Info:    Try loading font information for U+pxmia on input line 6.
 (/usr/share/texmf-texlive/tex/latex/pxfonts/upxmia.fd
File: upxmia.fd 2000/12/14 v1.0
)
LaTeX Font Info:    Try loading font information for U+msa on input line 6.

(/usr/share/texmf-texlive/tex/latex/amsfonts/umsa.fd
File: umsa.fd 2009/06/22 v3.00 AMS symbols A
)
LaTeX Font Info:    Try loading font information for U+msb on input line 6.

(/usr/share/texmf-texlive/tex/latex/amsfonts/umsb.fd
File: umsb.fd 2009/06/22 v3.00 AMS symbols B
)
LaTeX Font Info:    Try loading font information for U+pxsyc on input line 6.

(/usr/share/texmf-texlive/tex/latex/pxfonts/upxsyc.fd
File: upxsyc.fd 2000/12/14 v1.0
) [3

] [4])
\tf@toc=\write3
\openout3 = `thesis.toc'.

 [5]
(./thesis.lof)
\tf@lof=\write4
\openout4 = `thesis.lof'.

 [6

] [7

]
CHAPTER 1.
[1

]
LaTeX Font Info:    Try loading font information for OMS+pxr on input line 193.

 (/usr/share/texmf-texlive/tex/latex/pxfonts/omspxr.fd
File: omspxr.fd 2000/12/14 v1.0
)
LaTeX Font Info:    Font shape `OMS/pxr/m/n' in size <12> not available
(Font)              Font shape `OMS/pxsy/m/n' tried instead on input line 193.
LaTeX Font Info:    Try loading font information for OML+pxr on input line 195.


(/usr/share/texmf-texlive/tex/latex/pxfonts/omlpxr.fd
File: omlpxr.fd 2000/12/14 v1.0
)
LaTeX Font Info:    Font shape `OML/pxr/m/n' in size <12> not available
(Font)              Font shape `OML/pxmi/m/it' tried instead on input line 195.

 [2] [3]
Missing character: There is no Ã in font pxr!
Missing character: There is no © in font pxr!
Missing character: There is no Ã in font pxr!
Missing character: There is no © in font pxr!
 [4] [5] [6]
[7]
CHAPTER 2.
File: gs.eps Graphic file (type eps)
<gs.eps> [8

] [9] [10]
File: tmtc.eps Graphic file (type eps)
 <tmtc.eps> [11] [12]

! LaTeX Error: There's no line here to end.

See the LaTeX manual or LaTeX Companion for explanation.
Type  H <return>  for immediate help.
 ...                                              
                                                  
l.300 \linebreak
                
? 

! LaTeX Error: There's no line here to end.

See the LaTeX manual or LaTeX Companion for explanation.
Type  H <return>  for immediate help.
 ...                                              
                                                  
l.301 \textbf
             {Replay : }As mentioned above, all raw AX.25 frames received by...

? 
[13] [14]
CHAPTER 3.
[15

]
File: ax25main.eps.eps Graphic file (type eps)
 <ax25main.eps.eps>
Underfull \hbox (badness 10000) in paragraph at lines 324--331

 []


! LaTeX Error: There's no line here to end.

See the LaTeX manual or LaTeX Companion for explanation.
Type  H <return>  for immediate help.
 ...                                              
                                                  
l.332 \\F
         ew important  fields are briefly explained below :
? 
[16]
File: addressfield.eps Graphic file (type eps)
 <addressfield.eps>
Underfull \hbox (badness 10000) in paragraph at lines 335--342

 []


! LaTeX Error: There's no line here to end.

See the LaTeX manual or LaTeX Companion for explanation.
Type  H <return>  for immediate help.
 ...                                              
                                                  
l.345 \begin
            {itemize}
? 
! Missing $ inserted.
<inserted text> 
                $
l.352 ...e a 16 bit CRC. The polynomial used is x^
                                                  {16}+x^{12}+x^{5}+1.A CRC ...

? 
! Missing $ inserted.
<inserted text> 
                $
l.353 
      
? 
! Missing } inserted.
<inserted text> 
                }
l.353 
      
? 

Overfull \hbox (274.85022pt too wide) in paragraph at lines 352--353
\OT1/pxr/m/n/12 poly-no-mial used is x$[] + \OML/pxmi/m/it/12 x[] \OT1/pxr/m/n/
12 + \OML/pxmi/m/it/12 x[] \OT1/pxr/m/n/12 + 1\OML/pxmi/m/it/12 :ACRCcheckisess
entialforerrordetectionaftertheframereception:AframeisacceptedonlyafteraCRCchec
k:[]$ 
 []

! Extra }, or forgotten \endgroup.
\par ...m \@noitemerr {\@@par }\fi \else {\@@par }
                                                  \fi 
l.353 
      
? 
[17]
File: ax25telemetry.eps Graphic file (type eps)
 <ax25telemetry.eps>
Underfull \hbox (badness 10000) in paragraph at lines 362--368

 []

[18] [19] [20]
CHAPTER 4.
[21

] [22]
File: state.eps Graphic file (type eps)
 <state.eps> [23] [24]
Overfull \hbox (16.60558pt too wide) in paragraph at lines 463--464
[]\OT1/pxr/m/n/12 When the trans-mit-ter is switched on and the state ma-chine 
is in WAIT[]FOR[]TRANS
 []

File: vc.eps Graphic file (type eps)
<vc.eps> [25] [26] [27]
File: largedata.eps Graphic file (type eps)
 <largedata.eps> [28] [29] [30]
CHAPTER 5.
[31

] [32] [33] [34] [35]
Overfull \hbox (7.70293pt too wide) in paragraph at lines 631--632
[]\OT1/pxr/m/n/12 OutStandingPacketMap : A java HashMap stor-ing out-stand-ing 
frames, hashed
 []

[36] [37] [38] [39]

! LaTeX Error: Cannot determine size of graphic in replay.pdf (no BoundingBox).


See the LaTeX manual or LaTeX Companion for explanation.
Type  H <return>  for immediate help.
 ...                                              
                                                  
l.686 \includegraphics[scale = 0.8]{replay.pdf}
                                               
? 
File: replay.pdf Graphic file (type eps)
<replay.pdf> [40] [41] [42]
CHAPTER 6.
[43

]
Overfull \hbox (8.62814pt too wide) in paragraph at lines 746--747
\OT1/pxr/m/n/12 Matching of val-ues of all the fields in-di-cates that AX.25 Te
leme-try en-cod-ing/decoding
 []

[44] [45]
CHAPTER 7.
[46

]
APPENDIX A.
[47

]
Missing character: There is no â in font pxr!
Missing character: There is no € in font pxr!
Missing character: There is no ” in font pxr!
 [48

] (./thesis.aux) ) 
Here is how much of TeX's memory you used:
 7171 strings out of 495062
 102744 string characters out of 1182643
 177596 words of memory out of 3000000
 10206 multiletter control sequences out of 15000+50000
 15210 words of font info for 50 fonts, out of 3000000 for 9000
 28 hyphenation exceptions out of 8191
 43i,5n,41p,1145b,418s stack positions out of 5000i,500n,10000p,200000b,50000s

Output written on thesis.dvi (57 pages, 107732 bytes).
